<?xml version="1.0" encoding="UTF-8"?>
<testng-results skipped="0" failed="2" ignored="0" total="6" passed="4">
  <reporter-output>
  </reporter-output>
  <suite name="Default suite" duration-ms="1681" started-at="2019-09-30T15:03:41 IST" finished-at="2019-09-30T15:03:43 IST">
    <groups>
    </groups>
    <test name="Default test" duration-ms="1681" started-at="2019-09-30T15:03:41 IST" finished-at="2019-09-30T15:03:43 IST">
      <class name="com.mvc.test.LoginDAOTest">
        <test-method status="PASS" signature="beforeSuite()[pri:0, instance:com.mvc.test.LoginDAOTest@627551fb]" name="beforeSuite" is-config="true" duration-ms="47" started-at="2019-09-30T15:03:41 IST" finished-at="2019-09-30T15:03:41 IST">
          <reporter-output>
          </reporter-output>
        </test-method> <!-- beforeSuite -->
        <test-method status="PASS" signature="beforeTest()[pri:0, instance:com.mvc.test.LoginDAOTest@627551fb]" name="beforeTest" is-config="true" duration-ms="0" started-at="2019-09-30T15:03:41 IST" finished-at="2019-09-30T15:03:41 IST">
          <reporter-output>
          </reporter-output>
        </test-method> <!-- beforeTest -->
        <test-method status="PASS" signature="beforeClass()[pri:0, instance:com.mvc.test.LoginDAOTest@627551fb]" name="beforeClass" is-config="true" duration-ms="0" started-at="2019-09-30T15:03:41 IST" finished-at="2019-09-30T15:03:41 IST">
          <reporter-output>
          </reporter-output>
        </test-method> <!-- beforeClass -->
        <test-method status="PASS" signature="beforeMethod()[pri:0, instance:com.mvc.test.LoginDAOTest@627551fb]" name="beforeMethod" is-config="true" duration-ms="16" started-at="2019-09-30T15:03:41 IST" finished-at="2019-09-30T15:03:41 IST">
          <reporter-output>
          </reporter-output>
        </test-method> <!-- beforeMethod -->
        <test-method status="PASS" signature="ValidateLoginAction()[pri:0, instance:com.mvc.test.LoginDAOTest@627551fb]" name="ValidateLoginAction" duration-ms="1344" started-at="2019-09-30T15:03:41 IST" finished-at="2019-09-30T15:03:43 IST">
          <reporter-output>
          </reporter-output>
        </test-method> <!-- ValidateLoginAction -->
        <test-method status="PASS" signature="afterMethod()[pri:0, instance:com.mvc.test.LoginDAOTest@627551fb]" name="afterMethod" is-config="true" duration-ms="0" started-at="2019-09-30T15:03:43 IST" finished-at="2019-09-30T15:03:43 IST">
          <reporter-output>
          </reporter-output>
        </test-method> <!-- afterMethod -->
        <test-method status="PASS" signature="beforeMethod()[pri:0, instance:com.mvc.test.LoginDAOTest@627551fb]" name="beforeMethod" is-config="true" duration-ms="0" started-at="2019-09-30T15:03:43 IST" finished-at="2019-09-30T15:03:43 IST">
          <reporter-output>
          </reporter-output>
        </test-method> <!-- beforeMethod -->
        <test-method status="FAIL" signature="ValidateLoginAction2()[pri:0, instance:com.mvc.test.LoginDAOTest@627551fb]" name="ValidateLoginAction2" duration-ms="10" started-at="2019-09-30T15:03:43 IST" finished-at="2019-09-30T15:03:43 IST">
          <exception class="java.lang.AssertionError">
            <message>
              <![CDATA[expected [SUCCESS] but found [Invalid User Credentials !!! Try Again ...]]]>
            </message>
            <full-stacktrace>
              <![CDATA[java.lang.AssertionError: expected [SUCCESS] but found [Invalid User Credentials !!! Try Again ...]
at org.testng.Assert.fail(Assert.java:97)
at org.testng.Assert.assertEqualsImpl(Assert.java:136)
at org.testng.Assert.assertEquals(Assert.java:118)
at org.testng.Assert.assertEquals(Assert.java:575)
at org.testng.Assert.assertEquals(Assert.java:585)
at com.mvc.test.LoginDAOTest.ValidateLoginAction2(LoginDAOTest.java:107)
at sun.reflect.NativeMethodAccessorImpl.invoke0(Native Method)
at sun.reflect.NativeMethodAccessorImpl.invoke(Unknown Source)
at sun.reflect.DelegatingMethodAccessorImpl.invoke(Unknown Source)
at java.lang.reflect.Method.invoke(Unknown Source)
at org.testng.internal.MethodInvocationHelper.invokeMethod(MethodInvocationHelper.java:133)
at org.testng.internal.TestInvoker.invokeMethod(TestInvoker.java:584)
at org.testng.internal.TestInvoker.invokeTestMethod(TestInvoker.java:172)
at org.testng.internal.MethodRunner.runInSequence(MethodRunner.java:46)
at org.testng.internal.TestInvoker$MethodInvocationAgent.invoke(TestInvoker.java:804)
at org.testng.internal.TestInvoker.invokeTestMethods(TestInvoker.java:145)
at org.testng.internal.TestMethodWorker.invokeTestMethods(TestMethodWorker.java:146)
at org.testng.internal.TestMethodWorker.run(TestMethodWorker.java:128)
at java.util.ArrayList.forEach(Unknown Source)
at org.testng.TestRunner.privateRun(TestRunner.java:770)
at org.testng.TestRunner.run(TestRunner.java:591)
at org.testng.SuiteRunner.runTest(SuiteRunner.java:402)
at org.testng.SuiteRunner.runSequentially(SuiteRunner.java:396)
at org.testng.SuiteRunner.privateRun(SuiteRunner.java:355)
at org.testng.SuiteRunner.run(SuiteRunner.java:304)
at org.testng.SuiteRunnerWorker.runSuite(SuiteRunnerWorker.java:53)
at org.testng.SuiteRunnerWorker.run(SuiteRunnerWorker.java:96)
at org.testng.TestNG.runSuitesSequentially(TestNG.java:1180)
at org.testng.TestNG.runSuitesLocally(TestNG.java:1102)
at org.testng.TestNG.runSuites(TestNG.java:1032)
at org.testng.TestNG.run(TestNG.java:1000)
at org.testng.remote.AbstractRemoteTestNG.run(AbstractRemoteTestNG.java:115)
at org.testng.remote.RemoteTestNG.initAndRun(RemoteTestNG.java:251)
at org.testng.remote.RemoteTestNG.main(RemoteTestNG.java:77)
]]>
            </full-stacktrace>
          </exception> <!-- java.lang.AssertionError -->
          <reporter-output>
          </reporter-output>
        </test-method> <!-- ValidateLoginAction2 -->
        <test-method status="PASS" signature="beforeMethod()[pri:0, instance:com.mvc.test.LoginDAOTest@627551fb]" name="beforeMethod" is-config="true" duration-ms="15" started-at="2019-09-30T15:03:43 IST" finished-at="2019-09-30T15:03:43 IST">
          <reporter-output>
          </reporter-output>
        </test-method> <!-- beforeMethod -->
        <test-method status="PASS" signature="afterMethod()[pri:0, instance:com.mvc.test.LoginDAOTest@627551fb]" name="afterMethod" is-config="true" duration-ms="0" started-at="2019-09-30T15:03:43 IST" finished-at="2019-09-30T15:03:43 IST">
          <reporter-output>
          </reporter-output>
        </test-method> <!-- afterMethod -->
        <test-method status="PASS" signature="ValidateLoginAction3()[pri:0, instance:com.mvc.test.LoginDAOTest@627551fb]" name="ValidateLoginAction3" duration-ms="0" started-at="2019-09-30T15:03:43 IST" finished-at="2019-09-30T15:03:43 IST">
          <reporter-output>
          </reporter-output>
        </test-method> <!-- ValidateLoginAction3 -->
        <test-method status="PASS" signature="afterMethod()[pri:0, instance:com.mvc.test.LoginDAOTest@627551fb]" name="afterMethod" is-config="true" duration-ms="0" started-at="2019-09-30T15:03:43 IST" finished-at="2019-09-30T15:03:43 IST">
          <reporter-output>
          </reporter-output>
        </test-method> <!-- afterMethod -->
        <test-method status="PASS" signature="beforeMethod()[pri:0, instance:com.mvc.test.LoginDAOTest@627551fb]" name="beforeMethod" is-config="true" duration-ms="0" started-at="2019-09-30T15:03:43 IST" finished-at="2019-09-30T15:03:43 IST">
          <reporter-output>
          </reporter-output>
        </test-method> <!-- beforeMethod -->
        <test-method status="FAIL" signature="ValidateLoginAction4()[pri:0, instance:com.mvc.test.LoginDAOTest@627551fb]" name="ValidateLoginAction4" duration-ms="15" started-at="2019-09-30T15:03:43 IST" finished-at="2019-09-30T15:03:43 IST">
          <exception class="java.lang.AssertionError">
            <message>
              <![CDATA[expected [SUCCESS] but found [Invalid User Credentials !!! Try Again ...]]]>
            </message>
            <full-stacktrace>
              <![CDATA[java.lang.AssertionError: expected [SUCCESS] but found [Invalid User Credentials !!! Try Again ...]
at org.testng.Assert.fail(Assert.java:97)
at org.testng.Assert.assertEqualsImpl(Assert.java:136)
at org.testng.Assert.assertEquals(Assert.java:118)
at org.testng.Assert.assertEquals(Assert.java:575)
at org.testng.Assert.assertEquals(Assert.java:585)
at com.mvc.test.LoginDAOTest.ValidateLoginAction4(LoginDAOTest.java:145)
at sun.reflect.NativeMethodAccessorImpl.invoke0(Native Method)
at sun.reflect.NativeMethodAccessorImpl.invoke(Unknown Source)
at sun.reflect.DelegatingMethodAccessorImpl.invoke(Unknown Source)
at java.lang.reflect.Method.invoke(Unknown Source)
at org.testng.internal.MethodInvocationHelper.invokeMethod(MethodInvocationHelper.java:133)
at org.testng.internal.TestInvoker.invokeMethod(TestInvoker.java:584)
at org.testng.internal.TestInvoker.invokeTestMethod(TestInvoker.java:172)
at org.testng.internal.MethodRunner.runInSequence(MethodRunner.java:46)
at org.testng.internal.TestInvoker$MethodInvocationAgent.invoke(TestInvoker.java:804)
at org.testng.internal.TestInvoker.invokeTestMethods(TestInvoker.java:145)
at org.testng.internal.TestMethodWorker.invokeTestMethods(TestMethodWorker.java:146)
at org.testng.internal.TestMethodWorker.run(TestMethodWorker.java:128)
at java.util.ArrayList.forEach(Unknown Source)
at org.testng.TestRunner.privateRun(TestRunner.java:770)
at org.testng.TestRunner.run(TestRunner.java:591)
at org.testng.SuiteRunner.runTest(SuiteRunner.java:402)
at org.testng.SuiteRunner.runSequentially(SuiteRunner.java:396)
at org.testng.SuiteRunner.privateRun(SuiteRunner.java:355)
at org.testng.SuiteRunner.run(SuiteRunner.java:304)
at org.testng.SuiteRunnerWorker.runSuite(SuiteRunnerWorker.java:53)
at org.testng.SuiteRunnerWorker.run(SuiteRunnerWorker.java:96)
at org.testng.TestNG.runSuitesSequentially(TestNG.java:1180)
at org.testng.TestNG.runSuitesLocally(TestNG.java:1102)
at org.testng.TestNG.runSuites(TestNG.java:1032)
at org.testng.TestNG.run(TestNG.java:1000)
at org.testng.remote.AbstractRemoteTestNG.run(AbstractRemoteTestNG.java:115)
at org.testng.remote.RemoteTestNG.initAndRun(RemoteTestNG.java:251)
at org.testng.remote.RemoteTestNG.main(RemoteTestNG.java:77)
]]>
            </full-stacktrace>
          </exception> <!-- java.lang.AssertionError -->
          <reporter-output>
          </reporter-output>
        </test-method> <!-- ValidateLoginAction4 -->
        <test-method status="PASS" signature="afterMethod()[pri:0, instance:com.mvc.test.LoginDAOTest@627551fb]" name="afterMethod" is-config="true" duration-ms="0" started-at="2019-09-30T15:03:43 IST" finished-at="2019-09-30T15:03:43 IST">
          <reporter-output>
          </reporter-output>
        </test-method> <!-- afterMethod -->
        <test-method status="PASS" signature="beforeMethod()[pri:0, instance:com.mvc.test.LoginDAOTest@627551fb]" name="beforeMethod" is-config="true" duration-ms="0" started-at="2019-09-30T15:03:43 IST" finished-at="2019-09-30T15:03:43 IST">
          <reporter-output>
          </reporter-output>
        </test-method> <!-- beforeMethod -->
        <test-method status="PASS" signature="f(java.lang.Integer, java.lang.String)[pri:0, instance:com.mvc.test.LoginDAOTest@627551fb]" name="f" duration-ms="16" started-at="2019-09-30T15:03:43 IST" data-provider="dp" finished-at="2019-09-30T15:03:43 IST">
          <params>
            <param index="0">
              <value>
                <![CDATA[1]]>
              </value>
            </param>
            <param index="1">
              <value>
                <![CDATA[a]]>
              </value>
            </param>
          </params>
          <reporter-output>
          </reporter-output>
        </test-method> <!-- f -->
        <test-method status="PASS" signature="beforeMethod()[pri:0, instance:com.mvc.test.LoginDAOTest@627551fb]" name="beforeMethod" is-config="true" duration-ms="0" started-at="2019-09-30T15:03:43 IST" finished-at="2019-09-30T15:03:43 IST">
          <reporter-output>
          </reporter-output>
        </test-method> <!-- beforeMethod -->
        <test-method status="PASS" signature="f(java.lang.Integer, java.lang.String)[pri:0, instance:com.mvc.test.LoginDAOTest@627551fb]" name="f" duration-ms="16" started-at="2019-09-30T15:03:43 IST" data-provider="dp" finished-at="2019-09-30T15:03:43 IST">
          <params>
            <param index="0">
              <value>
                <![CDATA[2]]>
              </value>
            </param>
            <param index="1">
              <value>
                <![CDATA[b]]>
              </value>
            </param>
          </params>
          <reporter-output>
          </reporter-output>
        </test-method> <!-- f -->
        <test-method status="PASS" signature="afterMethod()[pri:0, instance:com.mvc.test.LoginDAOTest@627551fb]" name="afterMethod" is-config="true" duration-ms="0" started-at="2019-09-30T15:03:43 IST" finished-at="2019-09-30T15:03:43 IST">
          <reporter-output>
          </reporter-output>
        </test-method> <!-- afterMethod -->
        <test-method status="PASS" signature="afterMethod()[pri:0, instance:com.mvc.test.LoginDAOTest@627551fb]" name="afterMethod" is-config="true" duration-ms="0" started-at="2019-09-30T15:03:43 IST" finished-at="2019-09-30T15:03:43 IST">
          <reporter-output>
          </reporter-output>
        </test-method> <!-- afterMethod -->
        <test-method status="PASS" signature="afterTest()[pri:0, instance:com.mvc.test.LoginDAOTest@627551fb]" name="afterTest" is-config="true" duration-ms="0" started-at="2019-09-30T15:03:43 IST" finished-at="2019-09-30T15:03:43 IST">
          <reporter-output>
          </reporter-output>
        </test-method> <!-- afterTest -->
        <test-method status="PASS" signature="afterClass()[pri:0, instance:com.mvc.test.LoginDAOTest@627551fb]" name="afterClass" is-config="true" duration-ms="0" started-at="2019-09-30T15:03:43 IST" finished-at="2019-09-30T15:03:43 IST">
          <reporter-output>
          </reporter-output>
        </test-method> <!-- afterClass -->
        <test-method status="PASS" signature="afterSuite()[pri:0, instance:com.mvc.test.LoginDAOTest@627551fb]" name="afterSuite" is-config="true" duration-ms="16" started-at="2019-09-30T15:03:43 IST" finished-at="2019-09-30T15:03:43 IST">
          <reporter-output>
          </reporter-output>
        </test-method> <!-- afterSuite -->
      </class> <!-- com.mvc.test.LoginDAOTest -->
    </test> <!-- Default test -->
  </suite> <!-- Default suite -->
</testng-results>
